# JRE version: Java(TM) SE Runtime Environment (8.0_191-b12) (build 1.8.0_191-b12)
# Java VM: Java HotSpot(TM) 64-Bit Server VM (25.191-b12 mixed mode windows-amd64 compressed oops)
Heap:
 PSYoungGen      total 172032K, used 44194K [0x00000000f5600000, 0x0000000100000000, 0x0000000100000000)
  eden space 169984K, 25% used [0x00000000f5600000,0x00000000f8120a00,0x00000000ffc00000)
  from space 2048K, 1% used [0x00000000ffe00000,0x00000000ffe08000,0x0000000100000000)
  to   space 2048K, 0% used [0x00000000ffc00000,0x00000000ffc00000,0x00000000ffe00000)
 ParOldGen       total 84480K, used 60148K [0x00000000e0200000, 0x00000000e5480000, 0x00000000f5600000)
  object space 84480K, 71% used [0x00000000e0200000,0x00000000e3cbd0e8,0x00000000e5480000)
 Metaspace       used 11471K, capacity 11762K, committed 12032K, reserved 1060864K
  class space    used 1345K, capacity 1423K, committed 1536K, reserved 1048576K
GC Heap History (10 events):
Event: 10.307 GC heap before
{Heap before GC invocations=13 (full 1):
 PSYoungGen      total 56320K, used 54304K [0x00000000f5600000, 0x00000000fac00000, 0x0000000100000000)
  eden space 54272K, 100% used [0x00000000f5600000,0x00000000f8b00000,0x00000000f8b00000)
  from space 2048K, 1% used [0x00000000f8b00000,0x00000000f8b08000,0x00000000f8d00000)
  to   space 2048K, 0% used [0x00000000faa00000,0x00000000faa00000,0x00000000fac00000)
 ParOldGen       total 81920K, used 60144K [0x00000000e0200000, 0x00000000e5200000, 0x00000000f5600000)
  object space 81920K, 73% used [0x00000000e0200000,0x00000000e3cbc000,0x00000000e5200000)
 Metaspace       used 11433K, capacity 11698K, committed 12032K, reserved 1060864K
  class space    used 1338K, capacity 1423K, committed 1536K, reserved 1048576K
Event: 10.314 GC heap after
Heap after GC invocations=13 (full 1):
 PSYoungGen      total 86016K, used 32K [0x00000000f5600000, 0x00000000fac80000, 0x0000000100000000)
  eden space 83968K, 0% used [0x00000000f5600000,0x00000000f5600000,0x00000000fa800000)
  from space 2048K, 1% used [0x00000000faa00000,0x00000000faa08000,0x00000000fac00000)
  to   space 2048K, 0% used [0x00000000fa800000,0x00000000fa800000,0x00000000faa00000)
 ParOldGen       total 81920K, used 60144K [0x00000000e0200000, 0x00000000e5200000, 0x00000000f5600000)
  object space 81920K, 73% used [0x00000000e0200000,0x00000000e3cbc000,0x00000000e5200000)
 Metaspace       used 11433K, capacity 11698K, committed 12032K, reserved 1060864K
  class space    used 1338K, capacity 1423K, committed 1536K, reserved 1048576K
}
Event: 10.511 GC heap before
{Heap before GC invocations=14 (full 1):
 PSYoungGen      total 86016K, used 84000K [0x00000000f5600000, 0x00000000fac80000, 0x0000000100000000)
  eden space 83968K, 100% used [0x00000000f5600000,0x00000000fa800000,0x00000000fa800000)
  from space 2048K, 1% used [0x00000000faa00000,0x00000000faa08000,0x00000000fac00000)
  to   space 2048K, 0% used [0x00000000fa800000,0x00000000fa800000,0x00000000faa00000)
 ParOldGen       total 81920K, used 60144K [0x00000000e0200000, 0x00000000e5200000, 0x00000000f5600000)
  object space 81920K, 73% used [0x00000000e0200000,0x00000000e3cbc000,0x00000000e5200000)
 Metaspace       used 11433K, capacity 11698K, committed 12032K, reserved 1060864K
  class space    used 1338K, capacity 1423K, committed 1536K, reserved 1048576K
Event: 10.538 GC heap after
Heap after GC invocations=14 (full 1):
 PSYoungGen      total 86016K, used 32K [0x00000000f5600000, 0x00000000fd980000, 0x0000000100000000)
  eden space 83968K, 0% used [0x00000000f5600000,0x00000000f5600000,0x00000000fa800000)
  from space 2048K, 1% used [0x00000000fa800000,0x00000000fa808000,0x00000000faa00000)
  to   space 2048K, 0% used [0x00000000fd780000,0x00000000fd780000,0x00000000fd980000)
 ParOldGen       total 81920K, used 60144K [0x00000000e0200000, 0x00000000e5200000, 0x00000000f5600000)
  object space 81920K, 73% used [0x00000000e0200000,0x00000000e3cbc000,0x00000000e5200000)
 Metaspace       used 11433K, capacity 11698K, committed 12032K, reserved 1060864K
  class space    used 1338K, capacity 1423K, committed 1536K, reserved 1048576K
}
Event: 10.853 GC heap before
{Heap before GC invocations=15 (full 1):
 PSYoungGen      total 86016K, used 84000K [0x00000000f5600000, 0x00000000fd980000, 0x0000000100000000)
  eden space 83968K, 100% used [0x00000000f5600000,0x00000000fa800000,0x00000000fa800000)
  from space 2048K, 1% used [0x00000000fa800000,0x00000000fa808000,0x00000000faa00000)
  to   space 2048K, 0% used [0x00000000fd780000,0x00000000fd780000,0x00000000fd980000)
 ParOldGen       total 81920K, used 60144K [0x00000000e0200000, 0x00000000e5200000, 0x00000000f5600000)
  object space 81920K, 73% used [0x00000000e0200000,0x00000000e3cbc000,0x00000000e5200000)
 Metaspace       used 11433K, capacity 11698K, committed 12032K, reserved 1060864K
  class space    used 1338K, capacity 1423K, committed 1536K, reserved 1048576K
Event: 10.879 GC heap after
Heap after GC invocations=15 (full 1):
 PSYoungGen      total 132608K, used 32K [0x00000000f5600000, 0x00000000fd980000, 0x0000000100000000)
  eden space 130560K, 0% used [0x00000000f5600000,0x00000000f5600000,0x00000000fd580000)
  from space 2048K, 1% used [0x00000000fd780000,0x00000000fd788000,0x00000000fd980000)
  to   space 2048K, 0% used [0x00000000fd580000,0x00000000fd580000,0x00000000fd780000)
 ParOldGen       total 81920K, used 71790K [0x00000000e0200000, 0x00000000e5200000, 0x00000000f5600000)
  object space 81920K, 87% used [0x00000000e0200000,0x00000000e481bad8,0x00000000e5200000)
 Metaspace       used 11433K, capacity 11698K, committed 12032K, reserved 1060864K
  class space    used 1338K, capacity 1423K, committed 1536K, reserved 1048576K
}
Event: 10.879 GC heap before
{Heap before GC invocations=16 (full 2):
 PSYoungGen      total 132608K, used 32K [0x00000000f5600000, 0x00000000fd980000, 0x0000000100000000)
  eden space 130560K, 0% used [0x00000000f5600000,0x00000000f5600000,0x00000000fd580000)
  from space 2048K, 1% used [0x00000000fd780000,0x00000000fd788000,0x00000000fd980000)
  to   space 2048K, 0% used [0x00000000fd580000,0x00000000fd580000,0x00000000fd780000)
 ParOldGen       total 81920K, used 71790K [0x00000000e0200000, 0x00000000e5200000, 0x00000000f5600000)
  object space 81920K, 87% used [0x00000000e0200000,0x00000000e481bad8,0x00000000e5200000)
 Metaspace       used 11433K, capacity 11698K, committed 12032K, reserved 1060864K
  class space    used 1338K, capacity 1423K, committed 1536K, reserved 1048576K
Event: 10.905 GC heap after
Heap after GC invocations=16 (full 2):
 PSYoungGen      total 132608K, used 0K [0x00000000f5600000, 0x00000000fd980000, 0x0000000100000000)
  eden space 130560K, 0% used [0x00000000f5600000,0x00000000f5600000,0x00000000fd580000)
  from space 2048K, 0% used [0x00000000fd780000,0x00000000fd780000,0x00000000fd980000)
  to   space 2048K, 0% used [0x00000000fd580000,0x00000000fd580000,0x00000000fd780000)
 ParOldGen       total 84480K, used 60140K [0x00000000e0200000, 0x00000000e5480000, 0x00000000f5600000)
  object space 84480K, 71% used [0x00000000e0200000,0x00000000e3cbb0e8,0x00000000e5480000)
 Metaspace       used 11433K, capacity 11698K, committed 12032K, reserved 1060864K
  class space    used 1338K, capacity 1423K, committed 1536K, reserved 1048576K
}
Event: 11.199 GC heap before
{Heap before GC invocations=17 (full 2):
 PSYoungGen      total 132608K, used 130560K [0x00000000f5600000, 0x00000000fd980000, 0x0000000100000000)
  eden space 130560K, 100% used [0x00000000f5600000,0x00000000fd580000,0x00000000fd580000)
  from space 2048K, 0% used [0x00000000fd780000,0x00000000fd780000,0x00000000fd980000)
  to   space 2048K, 0% used [0x00000000fd580000,0x00000000fd580000,0x00000000fd780000)
 ParOldGen       total 84480K, used 60140K [0x00000000e0200000, 0x00000000e5480000, 0x00000000f5600000)
  object space 84480K, 71% used [0x00000000e0200000,0x00000000e3cbb0e8,0x00000000e5480000)
 Metaspace       used 11433K, capacity 11698K, committed 12032K, reserved 1060864K
  class space    used 1338K, capacity 1423K, committed 1536K, reserved 1048576K
Event: 11.201 GC heap after
Heap after GC invocations=17 (full 2):
 PSYoungGen      total 132608K, used 32K [0x00000000f5600000, 0x0000000100000000, 0x0000000100000000)
  eden space 130560K, 0% used [0x00000000f5600000,0x00000000f5600000,0x00000000fd580000)
  from space 2048K, 1% used [0x00000000fd580000,0x00000000fd588000,0x00000000fd780000)
  to   space 2048K, 0% used [0x00000000ffe00000,0x00000000ffe00000,0x0000000100000000)
 ParOldGen       total 84480K, used 60140K [0x00000000e0200000, 0x00000000e5480000, 0x00000000f5600000)
  object space 84480K, 71% used [0x00000000e0200000,0x00000000e3cbb0e8,0x00000000e5480000)
 Metaspace       used 11433K, capacity 11698K, committed 12032K, reserved 1060864K
  class space    used 1338K, capacity 1423K, committed 1536K, reserved 1048576K
}

